#
# There is insufficient memory for the Java Runtime Environment to continue.
# Native memory allocation (malloc) failed to allocate 927216 bytes for Chunk::new
# Possible reasons:
#   The system is out of physical RAM or swap space
#   In 32 bit mode, the process size limit was hit
# Possible solutions:
#   Reduce memory load on the system
#   Increase physical memory or swap space
#   Check if swap backing store is full
#   Use 64 bit Java on a 64 bit OS
#   Decrease Java heap size (-Xmx/-Xms)
#   Decrease number of Java threads
#   Decrease Java thread stack sizes (-Xss)
#   Set larger code cache with -XX:ReservedCodeCacheSize=
# This output file may be truncated or incomplete.
#
#  Out of Memory Error (allocation.cpp:388), pid=3620, tid=9904
#
# JRE version: Java(TM) SE Runtime Environment (8.0_11-b12) (build 1.8.0_11-b12)
# Java VM: Java HotSpot(TM) 64-Bit Server VM (25.11-b03 mixed mode windows-amd64 compressed oops)
# Failed to write core dump. Minidumps are not enabled by default on client versions of Windows
#

---------------  T H R E A D  ---------------

Current thread (0x0000000015350800):  JavaThread "C2 CompilerThread0" daemon [_thread_in_native, id=9904, stack(0x00000000168a0000,0x00000000169a0000)]

Stack: [0x00000000168a0000,0x00000000169a0000]
Native frames: (J=compiled Java code, j=interpreted, Vv=VM code, C=native code)
V  [jvm.dll+0x308eca]
V  [jvm.dll+0x25e121]
V  [jvm.dll+0x25ed33]
V  [jvm.dll+0x256705]
V  [jvm.dll+0xbd2b5]
V  [jvm.dll+0xbd75c]
V  [jvm.dll+0x44d772]
V  [jvm.dll+0x48e3cf]
V  [jvm.dll+0x442cbe]
V  [jvm.dll+0x4439eb]
V  [jvm.dll+0x427722]
V  [jvm.dll+0x96982]
V  [jvm.dll+0x97173]
V  [jvm.dll+0x2234b4]
V  [jvm.dll+0x27bcca]
C  [msvcr100.dll+0x21d9f]
C  [msvcr100.dll+0x21e3b]
C  [KERNEL32.DLL+0x13d2]
C  [ntdll.dll+0x154e4]


Current CompileTask:
C2:   3392 1625       4       com.android.dx.cf.code.ValueAwareMachine::run (1142 bytes)


---------------  P R O C E S S  ---------------

Java Threads: ( => current thread )
  0x0000000016ef6000 JavaThread "pool-1-thread-4" [_thread_blocked, id=4984, stack(0x0000000017da0000,0x0000000017ea0000)]
  0x0000000016ef5800 JavaThread "pool-1-thread-3" [_thread_blocked, id=8048, stack(0x0000000017ca0000,0x0000000017da0000)]
  0x0000000016e61000 JavaThread "pool-1-thread-2" [_thread_blocked, id=10632, stack(0x0000000017ba0000,0x0000000017ca0000)]
  0x0000000016e41800 JavaThread "pool-2-thread-1" [_thread_blocked, id=10940, stack(0x0000000017aa0000,0x0000000017ba0000)]
  0x0000000016e3b800 JavaThread "pool-1-thread-1" [_thread_blocked, id=7760, stack(0x00000000179a0000,0x0000000017aa0000)]
  0x00000000153ae800 JavaThread "Service Thread" daemon [_thread_blocked, id=10616, stack(0x0000000016fa0000,0x00000000170a0000)]
  0x00000000153a6000 JavaThread "C1 CompilerThread2" daemon [_thread_blocked, id=8624, stack(0x0000000016aa0000,0x0000000016ba0000)]
  0x0000000015354800 JavaThread "C2 CompilerThread1" daemon [_thread_in_native, id=776, stack(0x00000000169a0000,0x0000000016aa0000)]
=>0x0000000015350800 JavaThread "C2 CompilerThread0" daemon [_thread_in_native, id=9904, stack(0x00000000168a0000,0x00000000169a0000)]
  0x000000001534e000 JavaThread "Attach Listener" daemon [_thread_blocked, id=7976, stack(0x00000000167a0000,0x00000000168a0000)]
  0x000000001534d800 JavaThread "Signal Dispatcher" daemon [_thread_blocked, id=8840, stack(0x00000000166a0000,0x00000000167a0000)]
  0x0000000002c76000 JavaThread "Finalizer" daemon [_thread_blocked, id=10972, stack(0x00000000165a0000,0x00000000166a0000)]
  0x0000000002c6b000 JavaThread "Reference Handler" daemon [_thread_blocked, id=9008, stack(0x00000000164a0000,0x00000000165a0000)]
  0x0000000002a5e000 JavaThread "main" [_thread_in_Java, id=10848, stack(0x0000000002a80000,0x0000000002b80000)]

Other Threads:
  0x0000000015316000 VMThread [stack: 0x00000000163a0000,0x00000000164a0000] [id=7872]
  0x0000000016ba2000 WatcherThread [stack: 0x00000000170a0000,0x00000000171a0000] [id=7408]

VM state:not at safepoint (normal execution)

VM Mutex/Monitor currently owned by a thread: None

Heap:
 PSYoungGen      total 22016K, used 13771K [0x00000000eab00000, 0x00000000ed000000, 0x0000000100000000)
  eden space 18432K, 57% used [0x00000000eab00000,0x00000000eb54a328,0x00000000ebd00000)
  from space 3584K, 90% used [0x00000000ebd00000,0x00000000ec028b30,0x00000000ec080000)
  to   space 4096K, 0% used [0x00000000ecc00000,0x00000000ecc00000,0x00000000ed000000)
 ParOldGen       total 129536K, used 8589K [0x00000000c0000000, 0x00000000c7e80000, 0x00000000eab00000)
  object space 129536K, 6% used [0x00000000c0000000,0x00000000c08635b8,0x00000000c7e80000)
 Metaspace       used 5928K, capacity 6960K, committed 7040K, reserved 1056768K
  class space    used 593K, capacity 616K, committed 640K, reserved 1048576K

Card table byte_map: [0x0000000012040000,0x0000000012250000] byte_map_base: 0x0000000011a40000

Marking Bits: (ParMarkBitMap*) 0x000000005fdd12b0
 Begin Bits: [0x00000000127b0000, 0x00000000137b0000)
 End Bits:   [0x00000000137b0000, 0x00000000147b0000)

Polling page: 0x00000000029a0000

CodeCache: size=245760Kb used=6830Kb max_used=6844Kb free=238929Kb
 bounds [0x0000000002c80000, 0x0000000003340000, 0x0000000011c80000]
 total_blobs=1926 nmethods=1662 adapters=178
 compilation: enabled

Compilation events (10 events):
Event: 3.240 Thread 0x00000000153a6000 1673       2       com.android.dx.cf.code.ExecutionStack::makeInitialized (51 bytes)
Event: 3.240 Thread 0x00000000153a6000 nmethod 1673 0x0000000003323a90 code [0x0000000003323c20, 0x0000000003323f98]
Event: 3.305 Thread 0x0000000015350800 nmethod 1620 0x000000000332a6d0 code [0x000000000332ae80, 0x0000000003330850]
Event: 3.306 Thread 0x0000000015350800 1625       4       com.android.dx.cf.code.ValueAwareMachine::run (1142 bytes)
Event: 3.337 Thread 0x00000000153a6000 1674       3       com.android.dx.rop.code.CstInsn::contentEquals (31 bytes)
Event: 3.337 Thread 0x00000000153a6000 nmethod 1674 0x00000000033233d0 code [0x0000000003323560, 0x0000000003323978]
Event: 3.341 Thread 0x00000000153a6000 1675       3       com.android.dx.cf.code.BasicBlocker::visitBranch (98 bytes)
Event: 3.342 Thread 0x00000000153a6000 nmethod 1675 0x0000000003327b10 code [0x0000000003327e00, 0x0000000003329238]
Event: 3.345 Thread 0x00000000153a6000 1676       1       com.android.dx.rop.cst.CstKnownNull::hashCode (3 bytes)
Event: 3.345 Thread 0x00000000153a6000 nmethod 1676 0x0000000003305250 code [0x00000000033053a0, 0x00000000033054b0]

GC Heap History (10 events):
Event: 1.376 GC heap before
{Heap before GC invocations=9 (full 0):
 PSYoungGen      total 9216K, used 9195K [0x00000000eab00000, 0x00000000eb700000, 0x0000000100000000)
  eden space 7680K, 100% used [0x00000000eab00000,0x00000000eb280000,0x00000000eb280000)
  from space 1536K, 98% used [0x00000000eb480000,0x00000000eb5fadb0,0x00000000eb600000)
  to   space 2048K, 0% used [0x00000000eb280000,0x00000000eb280000,0x00000000eb480000)
 ParOldGen       total 129536K, used 1572K [0x00000000c0000000, 0x00000000c7e80000, 0x00000000eab00000)
  object space 129536K, 1% used [0x00000000c0000000,0x00000000c01890e0,0x00000000c7e80000)
 Metaspace       used 5634K, capacity 6704K, committed 6784K, reserved 1056768K
  class space    used 591K, capacity 616K, committed 640K, reserved 1048576K
Event: 1.409 GC heap after
Heap after GC invocations=9 (full 0):
 PSYoungGen      total 9728K, used 2028K [0x00000000eab00000, 0x00000000ebc00000, 0x0000000100000000)
  eden space 7680K, 0% used [0x00000000eab00000,0x00000000eab00000,0x00000000eb280000)
  from space 2048K, 99% used [0x00000000eb280000,0x00000000eb47b0f0,0x00000000eb480000)
  to   space 2560K, 0% used [0x00000000eb980000,0x00000000eb980000,0x00000000ebc00000)
 ParOldGen       total 129536K, used 2090K [0x00000000c0000000, 0x00000000c7e80000, 0x00000000eab00000)
  object space 129536K, 1% used [0x00000000c0000000,0x00000000c020a900,0x00000000c7e80000)
 Metaspace       used 5634K, capacity 6704K, committed 6784K, reserved 1056768K
  class space    used 591K, capacity 616K, committed 640K, reserved 1048576K
}
Event: 1.617 GC heap before
{Heap before GC invocations=10 (full 0):
 PSYoungGen      total 9728K, used 9708K [0x00000000eab00000, 0x00000000ebc00000, 0x0000000100000000)
  eden space 7680K, 100% used [0x00000000eab00000,0x00000000eb280000,0x00000000eb280000)
  from space 2048K, 99% used [0x00000000eb280000,0x00000000eb47b0f0,0x00000000eb480000)
  to   space 2560K, 0% used [0x00000000eb980000,0x00000000eb980000,0x00000000ebc00000)
 ParOldGen       total 129536K, used 2090K [0x00000000c0000000, 0x00000000c7e80000, 0x00000000eab00000)
  object space 129536K, 1% used [0x00000000c0000000,0x00000000c020a900,0x00000000c7e80000)
 Metaspace       used 5723K, capacity 6768K, committed 7040K, reserved 1056768K
  class space    used 592K, capacity 616K, committed 640K, reserved 1048576K
Event: 1.651 GC heap after
Heap after GC invocations=10 (full 0):
 PSYoungGen      total 14336K, used 2544K [0x00000000eab00000, 0x00000000ebd00000, 0x0000000100000000)
  eden space 11776K, 0% used [0x00000000eab00000,0x00000000eab00000,0x00000000eb680000)
  from space 2560K, 99% used [0x00000000eb980000,0x00000000ebbfc010,0x00000000ebc00000)
  to   space 3072K, 0% used [0x00000000eb680000,0x00000000eb680000,0x00000000eb980000)
 ParOldGen       total 129536K, used 2763K [0x00000000c0000000, 0x00000000c7e80000, 0x00000000eab00000)
  object space 129536K, 2% used [0x00000000c0000000,0x00000000c02b2f88,0x00000000c7e80000)
 Metaspace       used 5723K, capacity 6768K, committed 7040K, reserved 1056768K
  class space    used 592K, capacity 616K, committed 640K, reserved 1048576K
}
Event: 2.390 GC heap before
{Heap before GC invocations=11 (full 0):
 PSYoungGen      total 14336K, used 14320K [0x00000000eab00000, 0x00000000ebd00000, 0x0000000100000000)
  eden space 11776K, 100% used [0x00000000eab00000,0x00000000eb680000,0x00000000eb680000)
  from space 2560K, 99% used [0x00000000eb980000,0x00000000ebbfc010,0x00000000ebc00000)
  to   space 3072K, 0% used [0x00000000eb680000,0x00000000eb680000,0x00000000eb980000)
 ParOldGen       total 129536K, used 2763K [0x00000000c0000000, 0x00000000c7e80000, 0x00000000eab00000)
  object space 129536K, 2% used [0x00000000c0000000,0x00000000c02b2f88,0x00000000c7e80000)
 Metaspace       used 5834K, capacity 6896K, committed 7040K, reserved 1056768K
  class space    used 592K, capacity 616K, committed 640K, reserved 1048576K
Event: 2.457 GC heap after
Heap after GC invocations=11 (full 0):
 PSYoungGen      total 14848K, used 2189K [0x00000000eab00000, 0x00000000ec380000, 0x0000000100000000)
  eden space 11776K, 0% used [0x00000000eab00000,0x00000000eab00000,0x00000000eb680000)
  from space 3072K, 71% used [0x00000000eb680000,0x00000000eb8a3510,0x00000000eb980000)
  to   space 3072K, 0% used [0x00000000ec080000,0x00000000ec080000,0x00000000ec380000)
 ParOldGen       total 129536K, used 4931K [0x00000000c0000000, 0x00000000c7e80000, 0x00000000eab00000)
  object space 129536K, 3% used [0x00000000c0000000,0x00000000c04d0e00,0x00000000c7e80000)
 Metaspace       used 5834K, capacity 6896K, committed 7040K, reserved 1056768K
  class space    used 592K, capacity 616K, committed 640K, reserved 1048576K
}
Event: 2.664 GC heap before
{Heap before GC invocations=12 (full 0):
 PSYoungGen      total 14848K, used 13965K [0x00000000eab00000, 0x00000000ec380000, 0x0000000100000000)
  eden space 11776K, 100% used [0x00000000eab00000,0x00000000eb680000,0x00000000eb680000)
  from space 3072K, 71% used [0x00000000eb680000,0x00000000eb8a3510,0x00000000eb980000)
  to   space 3072K, 0% used [0x00000000ec080000,0x00000000ec080000,0x00000000ec380000)
 ParOldGen       total 129536K, used 4931K [0x00000000c0000000, 0x00000000c7e80000, 0x00000000eab00000)
  object space 129536K, 3% used [0x00000000c0000000,0x00000000c04d0e00,0x00000000c7e80000)
 Metaspace       used 5872K, capacity 6896K, committed 7040K, reserved 1056768K
  class space    used 593K, capacity 616K, committed 640K, reserved 1048576K
Event: 2.738 GC heap after
Heap after GC invocations=12 (full 0):
 PSYoungGen      total 21504K, used 2208K [0x00000000eab00000, 0x00000000ec480000, 0x0000000100000000)
  eden space 18432K, 0% used [0x00000000eab00000,0x00000000eab00000,0x00000000ebd00000)
  from space 3072K, 71% used [0x00000000ec080000,0x00000000ec2a8000,0x00000000ec380000)
  to   space 3584K, 0% used [0x00000000ebd00000,0x00000000ebd00000,0x00000000ec080000)
 ParOldGen       total 129536K, used 6916K [0x00000000c0000000, 0x00000000c7e80000, 0x00000000eab00000)
  object space 129536K, 5% used [0x00000000c0000000,0x00000000c06c13d8,0x00000000c7e80000)
 Metaspace       used 5872K, capacity 6896K, committed 7040K, reserved 1056768K
  class space    used 593K, capacity 616K, committed 640K, reserved 1048576K
}
Event: 2.914 GC heap before
{Heap before GC invocations=13 (full 0):
 PSYoungGen      total 21504K, used 20640K [0x00000000eab00000, 0x00000000ec480000, 0x0000000100000000)
  eden space 18432K, 100% used [0x00000000eab00000,0x00000000ebd00000,0x00000000ebd00000)
  from space 3072K, 71% used [0x00000000ec080000,0x00000000ec2a8000,0x00000000ec380000)
  to   space 3584K, 0% used [0x00000000ebd00000,0x00000000ebd00000,0x00000000ec080000)
 ParOldGen       total 129536K, used 6916K [0x00000000c0000000, 0x00000000c7e80000, 0x00000000eab00000)
  object space 129536K, 5% used [0x00000000c0000000,0x00000000c06c13d8,0x00000000c7e80000)
 Metaspace       used 5918K, capacity 6960K, committed 7040K, reserved 1056768K
  class space    used 593K, capacity 616K, committed 640K, reserved 1048576K
Event: 3.077 GC heap after
Heap after GC invocations=13 (full 0):
 PSYoungGen      total 22016K, used 3234K [0x00000000eab00000, 0x00000000ed000000, 0x0000000100000000)
  eden space 18432K, 0% used [0x00000000eab00000,0x00000000eab00000,0x00000000ebd00000)
  from space 3584K, 90% used [0x00000000ebd00000,0x00000000ec028b30,0x00000000ec080000)
  to   space 4096K, 0% used [0x00000000ecc00000,0x00000000ecc00000,0x00000000ed000000)
 ParOldGen       total 129536K, used 8589K [0x00000000c0000000, 0x00000000c7e80000, 0x00000000eab00000)
  object space 129536K, 6% used [0x00000000c0000000,0x00000000c08635b8,0x00000000c7e80000)
 Metaspace       used 5918K, capacity 6960K, committed 7040K, reserved 1056768K
  class space    used 593K, capacity 616K, committed 640K, reserved 1048576K
}

Deoptimization events (10 events):
Event: 1.418 Thread 0x0000000016e3b800 Uncommon trap: reason=null_check action=make_not_entrant pc=0x0000000002fcfc9c method=com.android.dx.ssa.SsaRenamer.getLocalForNewReg(I)Lcom/android/dx/rop/code/LocalItem; @ 19
Event: 1.422 Thread 0x0000000016e3b800 Uncommon trap: reason=null_check action=make_not_entrant pc=0x0000000002fdce9c method=com.android.dx.ssa.SsaRenamer.getLocalForNewReg(I)Lcom/android/dx/rop/code/LocalItem; @ 19
Event: 2.133 Thread 0x0000000016ef6000 Uncommon trap: reason=bimorphic action=maybe_recompile pc=0x0000000003140cf0 method=com.android.dx.cf.code.BytecodeArray.parseInstruction(ILcom/android/dx/cf/code/BytecodeArray$Visitor;)I @ 2484
Event: 2.134 Thread 0x0000000016ef6000 Uncommon trap: reason=bimorphic action=maybe_recompile pc=0x0000000003140cf0 method=com.android.dx.cf.code.BytecodeArray.parseInstruction(ILcom/android/dx/cf/code/BytecodeArray$Visitor;)I @ 2484
Event: 2.471 Thread 0x0000000016e61000 Uncommon trap: reason=unreached action=reinterpret pc=0x00000000030cd91c method=com.android.dx.rop.cst.Constant.compareTo(Lcom/android/dx/rop/cst/Constant;)I @ 12
Event: 2.491 Thread 0x0000000016e61000 Uncommon trap: reason=unreached action=reinterpret pc=0x000000000320217c method=com.android.dx.ssa.LocalVariableExtractor.processBlock(I)V @ 251
Event: 2.743 Thread 0x0000000016e3b800 Uncommon trap: reason=unreached action=reinterpret pc=0x0000000003131d18 method=com.android.dx.ssa.SCCP.simulateBranch(Lcom/android/dx/ssa/SsaInsn;)V @ 132
Event: 2.841 Thread 0x0000000016ef5800 Uncommon trap: reason=uninitialized action=reinterpret pc=0x00000000031416a0 method=com.android.dx.cf.code.BytecodeArray.parseInstruction(ILcom/android/dx/cf/code/BytecodeArray$Visitor;)I @ 999
Event: 2.845 Thread 0x0000000016ef5800 Uncommon trap: reason=bimorphic action=maybe_recompile pc=0x00000000031f7790 method=java.util.HashMap.putVal(ILjava/lang/Object;Ljava/lang/Object;ZZ)Ljava/lang/Object; @ 203
Event: 2.852 Thread 0x0000000002a5e000 Uncommon trap: reason=unloaded action=reinterpret pc=0x000000000315d3ec method=com.android.dx.cf.cst.ConstantPoolParser.parse0(ILjava/util/BitSet;)Lcom/android/dx/rop/cst/Constant; @ 198

Internal exceptions (10 events):
Event: 0.952 Thread 0x0000000016e61000 Exception <a 'java/security/PrivilegedActionException'> (0x00000000eadf24b8) thrown at [C:\re\workspace\8-2-build-windows-amd64-cygwin\jdk8u11\648\hotspot\src\share\vm\prims\jvm.cpp, line 1248]
Event: 0.954 Thread 0x0000000002a5e000 Exception <a 'java/security/PrivilegedActionException'> (0x00000000eadfcad8) thrown at [C:\re\workspace\8-2-build-windows-amd64-cygwin\jdk8u11\648\hotspot\src\share\vm\prims\jvm.cpp, line 1248]
Event: 1.105 Thread 0x0000000016e61000 Exception <a 'java/security/PrivilegedActionException'> (0x00000000eac10720) thrown at [C:\re\workspace\8-2-build-windows-amd64-cygwin\jdk8u11\648\hotspot\src\share\vm\prims\jvm.cpp, line 1248]
Event: 1.107 Thread 0x0000000016ef5800 Exception <a 'java/security/PrivilegedActionException'> (0x00000000eabb5c98) thrown at [C:\re\workspace\8-2-build-windows-amd64-cygwin\jdk8u11\648\hotspot\src\share\vm\prims\jvm.cpp, line 1248]
Event: 1.173 Thread 0x0000000016ef5800 Exception <a 'java/security/PrivilegedActionException'> (0x00000000eae73408) thrown at [C:\re\workspace\8-2-build-windows-amd64-cygwin\jdk8u11\648\hotspot\src\share\vm\prims\jvm.cpp, line 1248]
Event: 1.413 Thread 0x0000000016ef5800 Exception <a 'java/security/PrivilegedActionException'> (0x00000000eab165a8) thrown at [C:\re\workspace\8-2-build-windows-amd64-cygwin\jdk8u11\648\hotspot\src\share\vm\prims\jvm.cpp, line 1248]
Event: 1.418 Thread 0x0000000016e3b800 Implicit null exception at 0x0000000002fcd776 to 0x0000000002fcfc75
Event: 1.422 Thread 0x0000000016e3b800 Implicit null exception at 0x0000000002fda9dc to 0x0000000002fdce79
Event: 1.427 Thread 0x0000000016e3b800 Exception <a 'java/security/PrivilegedActionException'> (0x00000000eac53588) thrown at [C:\re\workspace\8-2-build-windows-amd64-cygwin\jdk8u11\648\hotspot\src\share\vm\prims\jvm.cpp, line 1248]
Event: 2.531 Thread 0x0000000002a5e000 Exception <a 'java/security/PrivilegedActionException'> (0x00000000eb48ba90) thrown at [C:\re\workspace\8-2-build-windows-amd64-cygwin\jdk8u11\648\hotspot\src\share\vm\prims\jvm.cpp, line 1248]

Events (10 events):
Event: 2.841 Thread 0x0000000016ef5800 DEOPT PACKING pc=0x00000000031416a0 sp=0x0000000017d9e760
Event: 2.841 Thread 0x0000000016ef5800 DEOPT UNPACKING pc=0x0000000002cc55af sp=0x0000000017d9e700 mode 2
Event: 2.845 Thread 0x0000000016ef5800 Uncommon trap: trap_request=0xffffffc6 fr.pc=0x00000000031f7790
Event: 2.845 Thread 0x0000000016ef5800 DEOPT PACKING pc=0x00000000031f7790 sp=0x0000000017d9e580
Event: 2.845 Thread 0x0000000016ef5800 DEOPT UNPACKING pc=0x0000000002cc55af sp=0x0000000017d9e4f8 mode 2
Event: 2.852 Thread 0x0000000002a5e000 Uncommon trap: trap_request=0x000000d2 fr.pc=0x000000000315d3ec
Event: 2.852 Thread 0x0000000002a5e000 DEOPT PACKING pc=0x000000000315d3ec sp=0x0000000002b7e8d0
Event: 2.852 Thread 0x0000000002a5e000 DEOPT UNPACKING pc=0x0000000002cc55af sp=0x0000000002b7e888 mode 2
Event: 2.914 Executing VM operation: ParallelGCFailedAllocation
Event: 3.077 Executing VM operation: ParallelGCFailedAllocation done


Dynamic libraries:
0x00007ff7a6300000 - 0x00007ff7a6334000 	C:\Program Files\Java\jdk1.8.0_11\bin\java.exe
0x00007ffeb9ac0000 - 0x00007ffeb9c6d000 	C:\WINDOWS\SYSTEM32\ntdll.dll
0x00007ffeb79f0000 - 0x00007ffeb7b2e000 	C:\WINDOWS\system32\KERNEL32.DLL
0x00007ffeb6cb0000 - 0x00007ffeb6dc5000 	C:\WINDOWS\system32\KERNELBASE.dll
0x00007ffeb53c0000 - 0x00007ffeb544e000 	C:\WINDOWS\system32\apphelp.dll
0x00007ffea6c60000 - 0x00007ffea6cb3000 	C:\WINDOWS\AppPatch\AppPatch64\AcGenral.DLL
0x00007ffeb91e0000 - 0x00007ffeb928a000 	C:\WINDOWS\system32\msvcrt.dll
0x00007ffeb7110000 - 0x00007ffeb713e000 	C:\WINDOWS\system32\SspiCli.dll
0x00007ffeb72b0000 - 0x00007ffeb7304000 	C:\WINDOWS\system32\SHLWAPI.dll
0x00007ffeb9060000 - 0x00007ffeb91d7000 	C:\WINDOWS\system32\USER32.dll
0x00007ffeb92b0000 - 0x00007ffeb9444000 	C:\WINDOWS\system32\ole32.dll
0x00007ffeb7b30000 - 0x00007ffeb9058000 	C:\WINDOWS\system32\SHELL32.dll
0x00007ffeb62f0000 - 0x00007ffeb6311000 	C:\WINDOWS\SYSTEM32\USERENV.dll
0x00007ffeb9a10000 - 0x00007ffeb9aba000 	C:\WINDOWS\system32\ADVAPI32.dll
0x00007ffeae210000 - 0x00007ffeae22e000 	C:\WINDOWS\SYSTEM32\MPR.dll
0x00007ffeb7310000 - 0x00007ffeb7450000 	C:\WINDOWS\system32\RPCRT4.dll
0x00007ffeb7760000 - 0x00007ffeb77b9000 	C:\WINDOWS\SYSTEM32\sechost.dll
0x00007ffeb97f0000 - 0x00007ffeb9a01000 	C:\WINDOWS\SYSTEM32\combase.dll
0x00007ffeb7140000 - 0x00007ffeb728f000 	C:\WINDOWS\system32\GDI32.dll
0x00007ffeb6be0000 - 0x00007ffeb6bf5000 	C:\WINDOWS\SYSTEM32\profapi.dll
0x00007ffeb4930000 - 0x00007ffeb49e2000 	C:\WINDOWS\SYSTEM32\SHCORE.dll
0x00007ffeb7880000 - 0x00007ffeb78b6000 	C:\WINDOWS\system32\IMM32.DLL
0x00007ffeb7460000 - 0x00007ffeb75b2000 	C:\WINDOWS\system32\MSCTF.dll
0x00007ffeb4400000 - 0x00007ffeb467b000 	C:\WINDOWS\WinSxS\amd64_microsoft.windows.common-controls_6595b64144ccf1df_6.0.9600.18006_none_623f33d3ecbe86e8\COMCTL32.dll
0x000000005fe50000 - 0x000000005ff22000 	C:\Program Files\Java\jdk1.8.0_11\jre\bin\msvcr100.dll
0x000000005f620000 - 0x000000005fe4a000 	C:\Program Files\Java\jdk1.8.0_11\jre\bin\server\jvm.dll
0x00007ffeae960000 - 0x00007ffeae969000 	C:\WINDOWS\SYSTEM32\WSOCK32.dll
0x00007ffeb3dd0000 - 0x00007ffeb3df2000 	C:\WINDOWS\SYSTEM32\WINMM.dll
0x00007ffeb7450000 - 0x00007ffeb7457000 	C:\WINDOWS\system32\PSAPI.DLL
0x00007ffeb78c0000 - 0x00007ffeb791a000 	C:\WINDOWS\system32\WS2_32.dll
0x00007ffeb3da0000 - 0x00007ffeb3dca000 	C:\WINDOWS\SYSTEM32\WINMMBASE.dll
0x00007ffeb92a0000 - 0x00007ffeb92a9000 	C:\WINDOWS\system32\NSI.dll
0x00007ffeb7060000 - 0x00007ffeb70af000 	C:\WINDOWS\SYSTEM32\cfgmgr32.dll
0x00007ffeb5a00000 - 0x00007ffeb5a28000 	C:\WINDOWS\SYSTEM32\DEVOBJ.dll
0x000000005f610000 - 0x000000005f61f000 	C:\Program Files\Java\jdk1.8.0_11\jre\bin\verify.dll
0x000000005f5e0000 - 0x000000005f608000 	C:\Program Files\Java\jdk1.8.0_11\jre\bin\java.dll
0x000000005f5c0000 - 0x000000005f5d6000 	C:\Program Files\Java\jdk1.8.0_11\jre\bin\zip.dll
0x00007ffeae530000 - 0x00007ffeae6b9000 	C:\WINDOWS\SYSTEM32\dbghelp.dll

VM Arguments:
jvm_args: -Djava.awt.headless=true -Xmx1024M -Dfile.encoding=windows-1252 -Duser.country=DE -Duser.language=de -Duser.variant 
java_command: com.android.dx.command.Main --dex --num-threads=4 --output C:\Users\Hakan\Desktop\Mushroom-Identifier\Android\CameraApp\app\build\intermediates\pre-dexed\debug\com.android.support-appcompat-v7-23.3.0_d1062f8134696e22584dd322620bcc8558da75f8.jar C:\Users\Hakan\Desktop\Mushroom-Identifier\Android\CameraApp\app\build\intermediates\exploded-aar\com.android.support\appcompat-v7\23.3.0\jars\classes.jar
java_class_path (initial): C:\Users\Hakan\AppData\Local\Android\sdk\build-tools\24.0.1\lib\dx.jar
Launcher Type: SUN_STANDARD

Environment Variables:
PATH=C:\oraclexe\app\oracle\product\11.2.0\server\bin;C:\Program Files\Java\jdk1.8.0_11/bin;C:\ProgramData\Oracle\Java\javapath;C:\oraclexe\app\oracle\product\11.2.0\server\bin;C:\Program Files (x86)\Intel\iCLS Client\;C:\Program Files\Intel\iCLS Client\;C:\WINDOWS\system32;C:\WINDOWS;C:\WINDOWS\System32\Wbem;C:\WINDOWS\System32\WindowsPowerShell\v1.0\;C:\Program Files (x86)\ATI Technologies\ATI.ACE\Core-Static;C:\Program Files (x86)\Intel\OpenCL SDK\3.0\bin\x86;C:\Program Files (x86)\Intel\OpenCL SDK\3.0\bin\x64;C:\Program Files\Intel\Intel(R) Management Engine Components\DAL;C:\Program Files\Intel\Intel(R) Management Engine Components\IPT;C:\Program Files (x86)\Intel\Intel(R) Management Engine Components\DAL;C:\Program Files (x86)\Intel\Intel(R) Management Engine Components\IPT;C:\Program Files\flexnet\bin;C:\Users\Hakan\Desktop\3AHIF\TINF\Toolchain\nasm-2.11.05;C:\Users\Hakan\Desktop\3AHIF\TINF\Toolchain\Windows;C:\Program Files (x86)\SmartGit\git\cmd;C:\Program Files\Microsoft SQL Server\110\Tools\Binn\;C:\Program Files\Microsoft SQL Server\120\Tools\Binn\;C:\Program Files (x86)\AMD\ATI.ACE\Core-Static;C:\Program Files (x86)\GNU\GnuPG\pub;C:\Program Files (x86)\Skype\Phone\;C:\Program Files (x86)\GtkSharp\2.12\bin;C:\Program Files\Microsoft\Web Platform Installer\;C:\WINDOWS\system32\config\systemprofile\.dnx\bin;C:\Program Files\Microsoft DNX\Dnvm\;C:\Program Files\Microsoft SQL Server\130\Tools\Binn\;C:\Program Files (x86)\Windows Kits\10\Windows Performance Toolkit\;C:\Users\Hakan\Documents\opencv\build\x64\vc14\bin;C:\Program Files\nodejs\;C:\Program Files\boost\boost_1_60_0\PREFIX\bin;C:\MinGW\bin;C:\MinGW\msys\1.0\bin;C:\Users\Hakan\AppData\Local\Android\sdk\ndk-bundle;C:\Users\Hakan\Documents\opencv\build\include;C:\Program Files\Git\cmd;C:\Program Files\Git LFS;C:\Program Files\TortoiseGit\bin;C:\Users\Hakan\AppData\Roaming\npm;C:\Program Files (x86)\Microsoft VS Code\bin
USERNAME=Hakan
OS=Windows_NT
PROCESSOR_IDENTIFIER=Intel64 Family 6 Model 60 Stepping 3, GenuineIntel



---------------  S Y S T E M  ---------------

OS: Windows 8.1 , 64 bit Build 9600 

CPU:total 4 (2 cores per cpu, 2 threads per core) family 6 model 60 stepping 3, cmov, cx8, fxsr, mmx, sse, sse2, sse3, ssse3, sse4.1, sse4.2, popcnt, avx, avx2, aes, clmul, erms, ht, tsc, tscinvbit

Memory: 4k page, physical 8266860k(929948k free), swap 11412588k(5620k free)

vm_info: Java HotSpot(TM) 64-Bit Server VM (25.11-b03) for windows-amd64 JRE (1.8.0_11-b12), built on Jun 16 2014 20:57:32 by "java_re" with MS VC++ 10.0 (VS2010)

time: Sat Mar 11 16:00:28 2017
elapsed time: 3 seconds

