This file contains any messages produced by compilers while
running configure, to aid debugging if configure makes a mistake.

It was created by configure, which was
generated by GNU Autoconf 2.68.  Invocation command line was

  $ ./configure --disable-option-checking --prefix=/usr/local --cache-file=/dev/null --srcdir=.

## --------- ##
## Platform. ##
## --------- ##

hostname = Hakan
uname -m = i686
uname -r = 1.0.19(0.48/3/2)
uname -s = MINGW32_NT-6.2
uname -v = 2016-07-13 17:45

/usr/bin/uname -p = unknown
/bin/uname -X     = unknown

/bin/arch              = unknown
/usr/bin/arch -k       = unknown
/usr/convex/getsysinfo = unknown
/usr/bin/hostinfo      = unknown
/bin/machine           = unknown
/usr/bin/oslevel       = unknown
/bin/universe          = unknown

PATH: /c/oraclexe/app/oracle/product/11.2.0/server/bin
PATH: .
PATH: /c/Program Files/Java/jdk1.8.0_11/bin
PATH: /c/ProgramData/Oracle/Java/javapath
PATH: /c/oraclexe/app/oracle/product/11.2.0/server/bin
PATH: /c/Program Files (x86)/Intel/iCLS Client/
PATH: /c/Program Files/Intel/iCLS Client/
PATH: /c/WINDOWS/system32
PATH: /c/WINDOWS
PATH: /c/WINDOWS/System32/Wbem
PATH: /c/WINDOWS/System32/WindowsPowerShell/v1.0/
PATH: /c/Program Files (x86)/ATI Technologies/ATI.ACE/Core-Static
PATH: /c/Program Files (x86)/Intel/OpenCL SDK/3.0/bin/x86
PATH: /c/Program Files (x86)/Intel/OpenCL SDK/3.0/bin/x64
PATH: /c/Program Files/Intel/Intel(R) Management Engine Components/DAL
PATH: /c/Program Files/Intel/Intel(R) Management Engine Components/IPT
PATH: /c/Program Files (x86)/Intel/Intel(R) Management Engine Components/DAL
PATH: /c/Program Files (x86)/Intel/Intel(R) Management Engine Components/IPT
PATH: /c/Program Files/flexnet/bin
PATH: /c/Users/Hakan/Desktop/3AHIF/TINF/Toolchain/nasm-2.11.05
PATH: /c/Users/Hakan/Desktop/3AHIF/TINF/Toolchain/Windows
PATH: /c/Program Files (x86)/SmartGit/git/cmd
PATH: /c/Program Files/Microsoft SQL Server/110/Tools/Binn/
PATH: /c/Program Files/Microsoft SQL Server/120/Tools/Binn/
PATH: /c/Program Files (x86)/AMD/ATI.ACE/Core-Static
PATH: /c/Program Files (x86)/GNU/GnuPG/pub
PATH: /c/Program Files (x86)/Skype/Phone/
PATH: /c/Program Files (x86)/GtkSharp/2.12/bin
PATH: /c/Program Files/Microsoft/Web Platform Installer/
PATH: /c/WINDOWS/system32/config/systemprofile/.dnx/bin
PATH: /c/Program Files/Microsoft DNX/Dnvm/
PATH: /c/Program Files/Microsoft SQL Server/130/Tools/Binn/
PATH: /c/Program Files (x86)/Windows Kits/10/Windows Performance Toolkit/
PATH: /c/Users/Hakan/Documents/opencv/build/x64/vc14/bin
PATH: /c/Program Files/nodejs/
PATH: /c/Program Files/boost/boost_1_60_0/PREFIX/bin
PATH: /mingw/bin
PATH: /usr/bin
PATH: /c/Users/Hakan/AppData/Local/Android/sdk/ndk-bundle
PATH: /c/Users/Hakan/AppData/Roaming/npm
PATH: /c/Program Files (x86)/Microsoft VS Code/bin


## ----------- ##
## Core tests. ##
## ----------- ##

configure:2173: checking whether make sets $(MAKE)
configure:2195: result: yes
configure:2256: checking for gcc
configure:2272: found /mingw/bin/gcc
configure:2283: result: gcc
configure:2512: checking for C compiler version
configure:2521: gcc --version >&5
gcc.exe (GCC) 5.3.0
Copyright (C) 2015 Free Software Foundation, Inc.
This is free software; see the source for copying conditions.  There is NO
warranty; not even for MERCHANTABILITY or FITNESS FOR A PARTICULAR PURPOSE.

configure:2532: $? = 0
configure:2521: gcc -v >&5
Using built-in specs.
COLLECT_GCC=C:\MinGW\bin\gcc.exe
COLLECT_LTO_WRAPPER=c:/mingw/bin/../libexec/gcc/mingw32/5.3.0/lto-wrapper.exe
Target: mingw32
Configured with: ../src/gcc-5.3.0/configure --build=x86_64-pc-linux-gnu --host=mingw32 --prefix=/mingw --disable-win32-registry --target=mingw32 --with-arch=i586 --enable-languages=c,c++,objc,obj-c++,fortran,ada --enable-static --enable-shared --enable-threads --with-dwarf2 --disable-sjlj-exceptions --enable-version-specific-runtime-libs --with-libintl-prefix=/mingw --enable-libstdcxx-debug --with-tune=generic --enable-libgomp --disable-libvtv --enable-nls : (reconfigured) ../src/gcc-5.3.0/configure --build=x86_64-pc-linux-gnu --host=mingw32 --prefix=/mingw --disable-win32-registry --target=mingw32 --with-arch=i586 --enable-languages=c,c++,objc,obj-c++,fortran,ada --enable-static --enable-shared --enable-threads --with-dwarf2 --disable-sjlj-exceptions --enable-version-specific-runtime-libs --with-libiconv-prefix=/mingw --with-libintl-prefix=/mingw --enable-libstdcxx-debug --with-tune=generic --enable-libgomp --disable-libvtv --enable-nls
Thread model: win32
gcc version 5.3.0 (GCC) 
configure:2532: $? = 0
configure:2521: gcc -V >&5
gcc.exe: error: unrecognized command line option '-V'
gcc.exe: fatal error: no input files
compilation terminated.
configure:2532: $? = 1
configure:2521: gcc -qversion >&5
gcc.exe: error: unrecognized command line option '-qversion'
gcc.exe: fatal error: no input files
compilation terminated.
configure:2532: $? = 1
configure:2552: checking whether the C compiler works
configure:2574: gcc    conftest.c  >&5
configure:2578: $? = 0
configure:2626: result: yes
configure:2629: checking for C compiler default output file name
configure:2631: result: a.exe
configure:2637: checking for suffix of executables
configure:2644: gcc -o conftest.exe    conftest.c  >&5
configure:2648: $? = 0
configure:2670: result: .exe
configure:2692: checking whether we are cross compiling
configure:2700: gcc -o conftest.exe    conftest.c  >&5
configure:2704: $? = 0
configure:2711: ./conftest.exe
configure:2715: $? = 0
configure:2730: result: no
configure:2735: checking for suffix of object files
configure:2757: gcc -c   conftest.c >&5
configure:2761: $? = 0
configure:2782: result: o
configure:2786: checking whether we are using the GNU C compiler
configure:2805: gcc -c   conftest.c >&5
configure:2805: $? = 0
configure:2814: result: yes
configure:2823: checking whether gcc accepts -g
configure:2843: gcc -c -g  conftest.c >&5
configure:2843: $? = 0
configure:2884: result: yes
configure:2901: checking for gcc option to accept ISO C89
configure:2965: gcc  -c -g -O2  conftest.c >&5
configure:2965: $? = 0
configure:2978: result: none needed
configure:3003: checking how to run the C preprocessor
configure:3034: gcc -E  conftest.c
configure:3034: $? = 0
configure:3048: gcc -E  conftest.c
conftest.c:9:28: fatal error: ac_nonexistent.h: No such file or directory
compilation terminated.
configure:3048: $? = 1
configure: failed program was:
| /* confdefs.h */
| #define PACKAGE_NAME ""
| #define PACKAGE_TARNAME ""
| #define PACKAGE_VERSION ""
| #define PACKAGE_STRING ""
| #define PACKAGE_BUGREPORT ""
| #define PACKAGE_URL ""
| /* end confdefs.h.  */
| #include <ac_nonexistent.h>
configure:3073: result: gcc -E
configure:3093: gcc -E  conftest.c
configure:3093: $? = 0
configure:3107: gcc -E  conftest.c
conftest.c:9:28: fatal error: ac_nonexistent.h: No such file or directory
compilation terminated.
configure:3107: $? = 1
configure: failed program was:
| /* confdefs.h */
| #define PACKAGE_NAME ""
| #define PACKAGE_TARNAME ""
| #define PACKAGE_VERSION ""
| #define PACKAGE_STRING ""
| #define PACKAGE_BUGREPORT ""
| #define PACKAGE_URL ""
| /* end confdefs.h.  */
| #include <ac_nonexistent.h>
configure:3149: checking for a BSD-compatible install
configure:3217: result: /usr/bin/install -c
configure:3234: checking build system type
configure:3248: result: i686-pc-mingw32
configure:3268: checking host system type
configure:3281: result: i686-pc-mingw32
configure:3304: checking whether to activate relocatable installation
configure:3319: result: no
configure:3356: checking for grep that handles long lines and -e
configure:3414: result: /usr/bin/grep
configure:3419: checking for egrep
configure:3481: result: /usr/bin/grep -E
configure:3486: checking for ANSI C header files
configure:3506: gcc -c -g -O2  conftest.c >&5
configure:3506: $? = 0
configure:3579: gcc -o conftest.exe -g -O2   conftest.c  >&5
configure:3579: $? = 0
configure:3579: ./conftest.exe
configure:3579: $? = 0
configure:3590: result: yes
configure:3603: checking for sys/types.h
configure:3603: gcc -c -g -O2  conftest.c >&5
configure:3603: $? = 0
configure:3603: result: yes
configure:3603: checking for sys/stat.h
configure:3603: gcc -c -g -O2  conftest.c >&5
configure:3603: $? = 0
configure:3603: result: yes
configure:3603: checking for stdlib.h
configure:3603: gcc -c -g -O2  conftest.c >&5
configure:3603: $? = 0
configure:3603: result: yes
configure:3603: checking for string.h
configure:3603: gcc -c -g -O2  conftest.c >&5
configure:3603: $? = 0
configure:3603: result: yes
configure:3603: checking for memory.h
configure:3603: gcc -c -g -O2  conftest.c >&5
configure:3603: $? = 0
configure:3603: result: yes
configure:3603: checking for strings.h
configure:3603: gcc -c -g -O2  conftest.c >&5
configure:3603: $? = 0
configure:3603: result: yes
configure:3603: checking for inttypes.h
configure:3603: gcc -c -g -O2  conftest.c >&5
configure:3603: $? = 0
configure:3603: result: yes
configure:3603: checking for stdint.h
configure:3603: gcc -c -g -O2  conftest.c >&5
configure:3603: $? = 0
configure:3603: result: yes
configure:3603: checking for unistd.h
configure:3603: gcc -c -g -O2  conftest.c >&5
configure:3603: $? = 0
configure:3603: result: yes
configure:3616: checking minix/config.h usability
configure:3616: gcc -c -g -O2  conftest.c >&5
conftest.c:53:26: fatal error: minix/config.h: No such file or directory
compilation terminated.
configure:3616: $? = 1
configure: failed program was:
| /* confdefs.h */
| #define PACKAGE_NAME ""
| #define PACKAGE_TARNAME ""
| #define PACKAGE_VERSION ""
| #define PACKAGE_STRING ""
| #define PACKAGE_BUGREPORT ""
| #define PACKAGE_URL ""
| #define INSTALLPREFIX "/usr/local"
| #define STDC_HEADERS 1
| #define HAVE_SYS_TYPES_H 1
| #define HAVE_SYS_STAT_H 1
| #define HAVE_STDLIB_H 1
| #define HAVE_STRING_H 1
| #define HAVE_MEMORY_H 1
| #define HAVE_STRINGS_H 1
| #define HAVE_INTTYPES_H 1
| #define HAVE_STDINT_H 1
| #define HAVE_UNISTD_H 1
| /* end confdefs.h.  */
| #include <stdio.h>
| #ifdef HAVE_SYS_TYPES_H
| # include <sys/types.h>
| #endif
| #ifdef HAVE_SYS_STAT_H
| # include <sys/stat.h>
| #endif
| #ifdef STDC_HEADERS
| # include <stdlib.h>
| # include <stddef.h>
| #else
| # ifdef HAVE_STDLIB_H
| #  include <stdlib.h>
| # endif
| #endif
| #ifdef HAVE_STRING_H
| # if !defined STDC_HEADERS && defined HAVE_MEMORY_H
| #  include <memory.h>
| # endif
| # include <string.h>
| #endif
| #ifdef HAVE_STRINGS_H
| # include <strings.h>
| #endif
| #ifdef HAVE_INTTYPES_H
| # include <inttypes.h>
| #endif
| #ifdef HAVE_STDINT_H
| # include <stdint.h>
| #endif
| #ifdef HAVE_UNISTD_H
| # include <unistd.h>
| #endif
| #include <minix/config.h>
configure:3616: result: no
configure:3616: checking minix/config.h presence
configure:3616: gcc -E  conftest.c
conftest.c:20:26: fatal error: minix/config.h: No such file or directory
compilation terminated.
configure:3616: $? = 1
configure: failed program was:
| /* confdefs.h */
| #define PACKAGE_NAME ""
| #define PACKAGE_TARNAME ""
| #define PACKAGE_VERSION ""
| #define PACKAGE_STRING ""
| #define PACKAGE_BUGREPORT ""
| #define PACKAGE_URL ""
| #define INSTALLPREFIX "/usr/local"
| #define STDC_HEADERS 1
| #define HAVE_SYS_TYPES_H 1
| #define HAVE_SYS_STAT_H 1
| #define HAVE_STDLIB_H 1
| #define HAVE_STRING_H 1
| #define HAVE_MEMORY_H 1
| #define HAVE_STRINGS_H 1
| #define HAVE_INTTYPES_H 1
| #define HAVE_STDINT_H 1
| #define HAVE_UNISTD_H 1
| /* end confdefs.h.  */
| #include <minix/config.h>
configure:3616: result: no
configure:3616: checking for minix/config.h
configure:3616: result: no
configure:3637: checking whether it is safe to define __EXTENSIONS__
configure:3655: gcc -c -g -O2  conftest.c >&5
configure:3655: $? = 0
configure:3662: result: yes
configure:3728: checking how to print strings
configure:3755: result: printf
configure:3776: checking for a sed that does not truncate output
configure:3840: result: /usr/bin/sed
configure:3858: checking for fgrep
configure:3920: result: /usr/bin/grep -F
configure:3955: checking for ld used by gcc
configure:4022: result: c:/mingw/mingw32/bin/ld.exe
configure:4029: checking if the linker (c:/mingw/mingw32/bin/ld.exe) is GNU ld
configure:4044: result: yes
configure:4056: checking for BSD- or MS-compatible name lister (nm)
configure:4105: result: /mingw/bin/nm
configure:4235: checking the name lister (/mingw/bin/nm) interface
configure:4242: gcc -c -g -O2  conftest.c >&5
configure:4245: /mingw/bin/nm "conftest.o"
configure:4248: output
00000000 b .bss
00000000 d .data
00000000 N .debug_abbrev
00000000 N .debug_aranges
00000000 N .debug_info
00000000 N .debug_line
00000000 r .rdata$zzz
00000000 t .text
00000000 B _some_variable
configure:4255: result: BSD nm
configure:4258: checking whether ln -s works
configure:4265: result: no, using cp -p
configure:4270: checking the maximum length of command line arguments
configure:4395: result: 8192
configure:4412: checking whether the shell understands some XSI constructs
configure:4422: result: yes
configure:4426: checking whether the shell understands "+="
configure:4432: result: yes
configure:4467: checking how to convert i686-pc-mingw32 file names to i686-pc-mingw32 format
configure:4507: result: func_convert_file_msys_to_w32
configure:4514: checking how to convert i686-pc-mingw32 file names to toolchain format
configure:4534: result: func_convert_file_msys_to_w32
configure:4541: checking for c:/mingw/mingw32/bin/ld.exe option to reload object files
configure:4548: result: -r
configure:4622: checking for objdump
configure:4638: found /mingw/bin/objdump
configure:4649: result: objdump
configure:4678: checking how to recognize dependent libraries
configure:4880: result: file_magic ^x86 archive import|^x86 DLL
configure:4965: checking for dlltool
configure:4981: found /mingw/bin/dlltool
configure:4992: result: dlltool
configure:5022: checking how to associate runtime and link libraries
configure:5049: result: func_cygming_dll_for_implib
configure:5109: checking for ar
configure:5125: found /mingw/bin/ar
configure:5136: result: ar
configure:5173: checking for archiver @FILE support
configure:5190: gcc -c -g -O2  conftest.c >&5
configure:5190: $? = 0
configure:5193: ar cru libconftest.a @conftest.lst >&5
configure:5196: $? = 0
configure:5201: ar cru libconftest.a @conftest.lst >&5
C:\MinGW\bin\ar.exe: conftest.o: No such file or directory
configure:5204: $? = 1
configure:5216: result: @
configure:5274: checking for strip
configure:5290: found /mingw/bin/strip
configure:5301: result: strip
configure:5373: checking for ranlib
configure:5389: found /mingw/bin/ranlib
configure:5400: result: ranlib
configure:5477: checking for gawk
configure:5493: found /usr/bin/gawk
configure:5504: result: gawk
configure:5544: checking command to parse /mingw/bin/nm output from gcc object
configure:5663: gcc -c -g -O2  conftest.c >&5
configure:5666: $? = 0
configure:5670: /mingw/bin/nm conftest.o \| sed -n -e 's/^.*[ ]\([ABCDGIRSTW][ABCDGIRSTW]*\)[ ][ ]*\([_A-Za-z][_A-Za-z0-9]*\)\{0,1\}$/\1 \2 \2/p' | sed '/ __gnu_lto/d' \> conftest.nm
configure:5673: $? = 0
cannot find nm_test_var in conftest.nm
configure:5663: gcc -c -g -O2  conftest.c >&5
configure:5666: $? = 0
configure:5670: /mingw/bin/nm conftest.o \| sed -n -e 's/^.*[ ]\([ABCDGIRSTW][ABCDGIRSTW]*\)[ ][ ]*_\([_A-Za-z][_A-Za-z0-9]*\)\{0,1\}$/\1 _\2 \2/p' | sed '/ __gnu_lto/d' \> conftest.nm
configure:5673: $? = 0
configure:5739: gcc -o conftest.exe -g -O2   conftest.c conftstm.o >&5
configure:5742: $? = 0
configure:5780: result: ok
configure:5817: checking for sysroot
configure:5847: result: no
configure:6090: checking for mt
configure:6120: result: no
configure:6140: checking if : is a manifest tool
configure:6146: : '-?'
configure:6154: result: no
configure:6783: checking for dlfcn.h
configure:6783: gcc -c -g -O2  conftest.c >&5
configure:6783: $? = 0
configure:6783: result: yes
configure:6846: checking for as
configure:6862: found /mingw/bin/as
configure:6873: result: as
configure:6938: checking for dlltool
configure:6965: result: dlltool
configure:7030: checking for objdump
configure:7057: result: objdump
configure:7268: checking for objdir
configure:7283: result: .libs
configure:7554: checking if gcc supports -fno-rtti -fno-exceptions
configure:7572: gcc -c -g -O2  -fno-rtti -fno-exceptions conftest.c >&5
cc1.exe: warning: command line option '-fno-rtti' is valid for C++/ObjC++ but not for C
configure:7576: $? = 0
configure:7589: result: no
configure:7899: checking for gcc option to produce PIC
configure:7906: result: -DDLL_EXPORT -DPIC
configure:7914: checking if gcc PIC flag -DDLL_EXPORT -DPIC works
configure:7932: gcc -c -g -O2  -DDLL_EXPORT -DPIC -DPIC conftest.c >&5
configure:7936: $? = 0
configure:7949: result: yes
configure:7978: checking if gcc static flag -static works
configure:8006: result: yes
configure:8021: checking if gcc supports -c -o file.o
configure:8042: gcc -c -g -O2  -o out/conftest2.o conftest.c >&5
configure:8046: $? = 0
configure:8068: result: yes
configure:8076: checking if gcc supports -c -o file.o
configure:8123: result: yes
configure:8156: checking whether the gcc linker (c:/mingw/mingw32/bin/ld.exe) supports shared libraries
configure:9314: result: yes
configure:9351: checking whether -lc should be explicitly linked in
configure:9359: gcc -c -g -O2  conftest.c >&5
configure:9362: $? = 0
configure:9377: gcc -shared conftest.o  -v -o ./conftest -Wl,--enable-auto-image-base -Xlinker --out-implib -Xlinker conftest 2\>\&1 \| /usr/bin/grep  -lc  \>/dev/null 2\>\&1
configure:9380: $? = 1
configure:9394: result: yes
configure:9559: checking dynamic linker characteristics
configure:10295: result: Win32 ld.exe
configure:10402: checking how to hardcode library paths into programs
configure:10427: result: immediate
configure:10967: checking whether stripping libraries is possible
configure:10972: result: yes
configure:11007: checking if libtool supports shared libraries
configure:11009: result: yes
configure:11012: checking whether to build shared libraries
configure:11033: result: yes
configure:11036: checking whether to build static libraries
configure:11040: result: yes
configure:11080: checking for simple visibility declarations
configure:11102: gcc -c -g -O2 -fvisibility=hidden  conftest.c >&5
configure:11102: $? = 0
configure:11111: result: yes
configure:11129: checking for nl_langinfo and CODESET
configure:11145: gcc -o conftest.exe -g -O2   conftest.c  >&5
conftest.c:28:22: fatal error: langinfo.h: No such file or directory
compilation terminated.
configure:11145: $? = 1
configure: failed program was:
| /* confdefs.h */
| #define PACKAGE_NAME ""
| #define PACKAGE_TARNAME ""
| #define PACKAGE_VERSION ""
| #define PACKAGE_STRING ""
| #define PACKAGE_BUGREPORT ""
| #define PACKAGE_URL ""
| #define INSTALLPREFIX "/usr/local"
| #define STDC_HEADERS 1
| #define HAVE_SYS_TYPES_H 1
| #define HAVE_SYS_STAT_H 1
| #define HAVE_STDLIB_H 1
| #define HAVE_STRING_H 1
| #define HAVE_MEMORY_H 1
| #define HAVE_STRINGS_H 1
| #define HAVE_INTTYPES_H 1
| #define HAVE_STDINT_H 1
| #define HAVE_UNISTD_H 1
| #define __EXTENSIONS__ 1
| #define _ALL_SOURCE 1
| #define _GNU_SOURCE 1
| #define _POSIX_PTHREAD_SEMANTICS 1
| #define _TANDEM_SOURCE 1
| #define HAVE_DLFCN_H 1
| #define LT_OBJDIR ".libs/"
| #define HAVE_VISIBILITY 1
| /* end confdefs.h.  */
| #include <langinfo.h>
| int
| main ()
| {
| char* cs = nl_langinfo(CODESET);
|   ;
|   return 0;
| }
configure:11154: result: no
configure:11164: checking for working fcntl.h
configure:11221: gcc -o conftest.exe -g -O2   conftest.c  >&5
conftest.c:40:32: error: 'O_NOCTTY' undeclared here (not in a function)
               O_CREAT, O_EXCL, O_NOCTTY, O_TRUNC, O_APPEND,
                                ^
conftest.c:41:15: error: 'O_NONBLOCK' undeclared here (not in a function)
               O_NONBLOCK, O_SYNC, O_ACCMODE, O_RDONLY, O_RDWR, O_WRONLY
               ^
conftest.c:41:27: error: 'O_SYNC' undeclared here (not in a function)
               O_NONBLOCK, O_SYNC, O_ACCMODE, O_RDONLY, O_RDWR, O_WRONLY
                           ^
conftest.c: In function 'main':
conftest.c:51:19: warning: implicit declaration of function 'symlink' [-Wimplicit-function-declaration]
               if (symlink (".", sym) != 0
                   ^
configure:11221: $? = 1
configure: program exited with status 1
configure: failed program was:
| /* confdefs.h */
| #define PACKAGE_NAME ""
| #define PACKAGE_TARNAME ""
| #define PACKAGE_VERSION ""
| #define PACKAGE_STRING ""
| #define PACKAGE_BUGREPORT ""
| #define PACKAGE_URL ""
| #define INSTALLPREFIX "/usr/local"
| #define STDC_HEADERS 1
| #define HAVE_SYS_TYPES_H 1
| #define HAVE_SYS_STAT_H 1
| #define HAVE_STDLIB_H 1
| #define HAVE_STRING_H 1
| #define HAVE_MEMORY_H 1
| #define HAVE_STRINGS_H 1
| #define HAVE_INTTYPES_H 1
| #define HAVE_STDINT_H 1
| #define HAVE_UNISTD_H 1
| #define __EXTENSIONS__ 1
| #define _ALL_SOURCE 1
| #define _GNU_SOURCE 1
| #define _POSIX_PTHREAD_SEMANTICS 1
| #define _TANDEM_SOURCE 1
| #define HAVE_DLFCN_H 1
| #define LT_OBJDIR ".libs/"
| #define HAVE_VISIBILITY 1
| /* end confdefs.h.  */
| #include <sys/types.h>
|            #include <sys/stat.h>
|            #include <unistd.h>
|            #include <fcntl.h>
|            #ifndef O_NOATIME
|             #define O_NOATIME 0
|            #endif
|            #ifndef O_NOFOLLOW
|             #define O_NOFOLLOW 0
|            #endif
|            static int const constants[] =
|             {
|               O_CREAT, O_EXCL, O_NOCTTY, O_TRUNC, O_APPEND,
|               O_NONBLOCK, O_SYNC, O_ACCMODE, O_RDONLY, O_RDWR, O_WRONLY
|             };
| 
| int
| main ()
| {
| 
|             int status = !constants;
|             {
|               static char const sym[] = "conftest.sym";
|               if (symlink (".", sym) != 0
|                   || close (open (sym, O_RDONLY | O_NOFOLLOW)) == 0)
|                 status |= 32;
|               unlink (sym);
|             }
|             {
|               static char const file[] = "confdefs.h";
|               int fd = open (file, O_RDONLY | O_NOATIME);
|               char c;
|               struct stat st0, st1;
|               if (fd < 0
|                   || fstat (fd, &st0) != 0
|                   || sleep (1) != 0
|                   || read (fd, &c, 1) != 1
|                   || close (fd) != 0
|                   || stat (file, &st1) != 0
|                   || st0.st_atime != st1.st_atime)
|                 status |= 64;
|             }
|             return status;
|   ;
|   return 0;
| }
configure:11236: result: no
configure:11260: checking whether we are using the GNU C Library 2.1 or newer
conftest.c:31:22: fatal error: features.h: No such file or directory
compilation terminated.
configure:11287: result: no
configure:11295: checking for setlocale
configure:11295: gcc -o conftest.exe -g -O2   conftest.c  >&5
configure:11295: $? = 0
configure:11295: result: yes
configure:11427: creating ./config.status

## ---------------------- ##
## Running config.status. ##
## ---------------------- ##

This file was extended by config.status, which was
generated by GNU Autoconf 2.68.  Invocation command line was

  CONFIG_FILES    = 
  CONFIG_HEADERS  = 
  CONFIG_LINKS    = 
  CONFIG_COMMANDS = 
  $ ./config.status 

on Hakan

config.status:1088: creating Makefile
config.status:1088: creating lib/Makefile
config.status:1088: creating include/localcharset.h
config.status:1088: creating include/localcharset.h.inst
config.status:1088: creating config.h
config.status:1277: executing libtool commands

## ---------------- ##
## Cache variables. ##
## ---------------- ##

ac_cv_build=i686-pc-mingw32
ac_cv_c_compiler_gnu=yes
ac_cv_env_build_alias_set=
ac_cv_env_build_alias_value=
ac_cv_env_CC_set=
ac_cv_env_CC_value=
ac_cv_env_CFLAGS_set=
ac_cv_env_CFLAGS_value=
ac_cv_env_CPP_set=
ac_cv_env_CPP_value=
ac_cv_env_CPPFLAGS_set=
ac_cv_env_CPPFLAGS_value=
ac_cv_env_host_alias_set=
ac_cv_env_host_alias_value=
ac_cv_env_LDFLAGS_set=
ac_cv_env_LDFLAGS_value=
ac_cv_env_LIBS_set=
ac_cv_env_LIBS_value=
ac_cv_env_target_alias_set=
ac_cv_env_target_alias_value=
ac_cv_exeext=.exe
ac_cv_func_setlocale=yes
ac_cv_gnu_library_2_1=no
ac_cv_header_dlfcn_h=yes
ac_cv_header_inttypes_h=yes
ac_cv_header_memory_h=yes
ac_cv_header_minix_config_h=no
ac_cv_header_stdc=yes
ac_cv_header_stdint_h=yes
ac_cv_header_stdlib_h=yes
ac_cv_header_string_h=yes
ac_cv_header_strings_h=yes
ac_cv_header_sys_stat_h=yes
ac_cv_header_sys_types_h=yes
ac_cv_header_unistd_h=yes
ac_cv_host=i686-pc-mingw32
ac_cv_objext=o
ac_cv_path_EGREP='/usr/bin/grep -E'
ac_cv_path_FGREP='/usr/bin/grep -F'
ac_cv_path_GREP=/usr/bin/grep
ac_cv_path_install='/usr/bin/install -c'
ac_cv_path_SED=/usr/bin/sed
ac_cv_prog_ac_ct_AR=ar
ac_cv_prog_ac_ct_AS=as
ac_cv_prog_ac_ct_CC=gcc
ac_cv_prog_ac_ct_DLLTOOL=dlltool
ac_cv_prog_ac_ct_OBJDUMP=objdump
ac_cv_prog_ac_ct_RANLIB=ranlib
ac_cv_prog_ac_ct_STRIP=strip
ac_cv_prog_AWK=gawk
ac_cv_prog_cc_c89=
ac_cv_prog_cc_g=yes
ac_cv_prog_CPP='gcc -E'
ac_cv_prog_make_make_set=yes
ac_cv_safe_to_define___extensions__=yes
am_cv_langinfo_codeset=no
gl_cv_cc_visibility=yes
gl_cv_header_working_fcntl_h=no
lt_cv_ar_at_file=@
lt_cv_archive_cmds_need_lc=yes
lt_cv_deplibs_check_method='file_magic ^x86 archive import|^x86 DLL'
lt_cv_file_magic_cmd=func_win32_libid
lt_cv_file_magic_test_file=
lt_cv_ld_reload_flag=-r
lt_cv_nm_interface='BSD nm'
lt_cv_objdir=.libs
lt_cv_path_LD=c:/mingw/mingw32/bin/ld.exe
lt_cv_path_mainfest_tool=no
lt_cv_path_NM=/mingw/bin/nm
lt_cv_prog_compiler_c_o=yes
lt_cv_prog_compiler_pic_works=yes
lt_cv_prog_compiler_pic='-DDLL_EXPORT -DPIC'
lt_cv_prog_compiler_rtti_exceptions=no
lt_cv_prog_compiler_static_works=yes
lt_cv_prog_gnu_ld=yes
lt_cv_sharedlib_from_linklib_cmd=func_cygming_dll_for_implib
lt_cv_sys_global_symbol_pipe='sed -n -e '\''s/^.*[	 ]\([ABCDGIRSTW][ABCDGIRSTW]*\)[	 ][	 ]*_\([_A-Za-z][_A-Za-z0-9]*\)\{0,1\}$/\1 _\2 \2/p'\'' | sed '\''/ __gnu_lto/d'\'''
lt_cv_sys_global_symbol_to_c_name_address_lib_prefix='sed -n -e '\''s/^: \([^ ]*\)[ ]*$/  {\"\1\", (void *) 0},/p'\'' -e '\''s/^[ABCDGIRSTW]* \([^ ]*\) \(lib[^ ]*\)$/  {"\2", (void *) \&\2},/p'\'' -e '\''s/^[ABCDGIRSTW]* \([^ ]*\) \([^ ]*\)$/  {"lib\2", (void *) \&\2},/p'\'''
lt_cv_sys_global_symbol_to_c_name_address='sed -n -e '\''s/^: \([^ ]*\)[ ]*$/  {\"\1\", (void *) 0},/p'\'' -e '\''s/^[ABCDGIRSTW]* \([^ ]*\) \([^ ]*\)$/  {"\2", (void *) \&\2},/p'\'''
lt_cv_sys_global_symbol_to_cdecl='sed -n -e '\''s/^T .* \(.*\)$/extern int \1();/p'\'' -e '\''s/^[ABCDGIRSTW]* .* \(.*\)$/extern char \1;/p'\'''
lt_cv_sys_max_cmd_len=8192
lt_cv_to_host_file_cmd=func_convert_file_msys_to_w32
lt_cv_to_tool_file_cmd=func_convert_file_msys_to_w32

## ----------------- ##
## Output variables. ##
## ----------------- ##

ac_ct_AR='ar'
ac_ct_CC='gcc'
ac_ct_DUMPBIN=''
AR='ar'
AS='as'
AWK='gawk'
bindir='${exec_prefix}/bin'
build_alias=''
build_cpu='i686'
build_os='mingw32'
build_vendor='pc'
build='i686-pc-mingw32'
CC='gcc'
CFLAG_VISIBILITY='-fvisibility=hidden'
CFLAGS='-g -O2'
CPP='gcc -E'
CPPFLAGS=''
datadir='${datarootdir}'
datarootdir='${prefix}/share'
DEFS='-DHAVE_CONFIG_H'
DLLTOOL='dlltool'
docdir='${datarootdir}/doc/${PACKAGE}'
DSYMUTIL=''
DUMPBIN=''
dvidir='${docdir}'
ECHO_C=''
ECHO_N='-n'
ECHO_T=''
EGREP='/usr/bin/grep -E'
exec_prefix='${prefix}'
EXEEXT='.exe'
FGREP='/usr/bin/grep -F'
GLIBC21='no'
GREP='/usr/bin/grep'
HAVE_VISIBILITY='1'
host_alias=''
host_cpu='i686'
host_os='mingw32'
host_vendor='pc'
host='i686-pc-mingw32'
htmldir='${docdir}'
includedir='${prefix}/include'
infodir='${datarootdir}/info'
INSTALL_DATA='${INSTALL} -m 644'
INSTALL_PROGRAM='${INSTALL}'
INSTALL_SCRIPT='${INSTALL}'
LD='c:/mingw/mingw32/bin/ld.exe'
LDFLAGS=''
libdir='${exec_prefix}/lib'
libexecdir='${exec_prefix}/libexec'
LIBOBJS=''
LIBS=''
LIBTOOL='/bin/sh $(top_builddir)/libtool'
LIPO=''
LN_S='cp -p'
localedir='${datarootdir}/locale'
localstatedir='${prefix}/var'
LTLIBOBJS=''
mandir='${datarootdir}/man'
MANIFEST_TOOL=':'
NM='/mingw/bin/nm'
NMEDIT=''
OBJDUMP='objdump'
OBJEXT='o'
oldincludedir='/usr/include'
OTOOL=''
OTOOL64=''
PACKAGE_BUGREPORT=''
PACKAGE_NAME=''
PACKAGE_STRING=''
PACKAGE_TARNAME=''
PACKAGE_URL=''
PACKAGE_VERSION=''
PACKAGE=''
PATH_SEPARATOR=':'
pdfdir='${docdir}'
prefix='/usr/local'
program_transform_name='s,x,x,'
psdir='${docdir}'
RANLIB='ranlib'
RELOCATABLE='no'
sbindir='${exec_prefix}/sbin'
SED='/usr/bin/sed'
SET_MAKE=''
sharedstatedir='${prefix}/com'
SHELL='/bin/sh'
STRIP='strip'
sysconfdir='${prefix}/etc'
target_alias=''
VERSION=''

## ----------- ##
## confdefs.h. ##
## ----------- ##

/* confdefs.h */
#define PACKAGE_NAME ""
#define PACKAGE_TARNAME ""
#define PACKAGE_VERSION ""
#define PACKAGE_STRING ""
#define PACKAGE_BUGREPORT ""
#define PACKAGE_URL ""
#define INSTALLPREFIX "/usr/local"
#define STDC_HEADERS 1
#define HAVE_SYS_TYPES_H 1
#define HAVE_SYS_STAT_H 1
#define HAVE_STDLIB_H 1
#define HAVE_STRING_H 1
#define HAVE_MEMORY_H 1
#define HAVE_STRINGS_H 1
#define HAVE_INTTYPES_H 1
#define HAVE_STDINT_H 1
#define HAVE_UNISTD_H 1
#define __EXTENSIONS__ 1
#define _ALL_SOURCE 1
#define _GNU_SOURCE 1
#define _POSIX_PTHREAD_SEMANTICS 1
#define _TANDEM_SOURCE 1
#define HAVE_DLFCN_H 1
#define LT_OBJDIR ".libs/"
#define HAVE_VISIBILITY 1
#define HAVE_WORKING_O_NOATIME 0
#define HAVE_WORKING_O_NOFOLLOW 0
#define HAVE_SETLOCALE 1

configure: exit 0
